<?xml version="1.0" encoding="UTF-8"?>
<!-- Generated by org.testng.reporters.JUnitReportReporter -->
<testsuite hostname="Bhaskar" failures="0" tests="5" name="com.myntra.test.MyntraHomeFurnishingsPageTest" time="153.554" errors="0" timestamp="2023-09-07T13:44:42 IST" skipped="0">
  <testcase classname="com.myntra.test.MyntraHomeFurnishingsPageTest" name="filtersTest" time="21.186"/>
  <system-out>
filtersTest Started  Home Furnishings Page is Verified Categories search icon clicked Search input for categories sent Category checkbox selected Brand search icon clicked Search input for brand sent Brand checkbox selected Brand name verified filtersTest Passed   </system-out>
  <testcase classname="com.myntra.test.MyntraHomeFurnishingsPageTest" name="wishlistTest" time="31.819"/>
  <system-out>
wishlistTest Started  Home Furnishings Page is Verified Categories search icon clicked Search input for categories sent Category checkbox selected Brand search icon clicked Search input for brand sent Brand checkbox selected Clicked on first product Wishlist button clicked Login Page verified wishlistTest Passed   </system-out>
  <testcase classname="com.myntra.test.MyntraHomeFurnishingsPageTest" name="bagTest" time="32.773"/>
  <system-out>
bagTest Started  Home Furnishings Page is Verified Categories search icon clicked Search input for categories sent Category checkbox selected Brand search icon clicked Search input for brand sent Brand checkbox selected Clicked on first product Add to bag button clicked Bag icon clicked Ok, Got it clicked Product present in bag verified bagTest Passed   </system-out>
  <testcase classname="com.myntra.test.MyntraHomeFurnishingsPageTest" name="removeProductTest" time="40.761"/>
  <system-out>
removeProductTest Started  Home Furnishings Page is Verified Categories search icon clicked Search input for categories sent Category checkbox selected Brand search icon clicked Search input for brand sent Brand checkbox selected Clicked on first product Add to bag button clicked Bag icon clicked Ok, Got it clicked Product present in bag verified Remove button on bag page clicked Remove button on dialog clicked Bag is empty verified removeProductTest Passed   </system-out>
  <testcase classname="com.myntra.test.MyntraHomeFurnishingsPageTest" name="searchboxTest" time="27.015"/>
  <system-out>
searchboxTest Started  Home Furnishings Page is Verified Search input for search box sent Search input submitted Clicked on first product Product name is same verified searchboxTest Passed   </system-out>
</testsuite> <!-- com.myntra.test.MyntraHomeFurnishingsPageTest -->
