<?xml version="1.0" encoding="UTF-8"?>
<!-- Generated by org.testng.reporters.JUnitReportReporter -->
<testsuite hostname="Bhaskar" failures="0" tests="1" name="com.myntra.test.SampleTest" time="17.906" errors="0" timestamp="2023-09-06T23:03:53 IST" skipped="0">
  <testcase classname="com.myntra.test.SampleTest" name="testFilters" time="17.906"/>
  <system-out>
testFilters Started  testFilters Passed   </system-out>
</testsuite> <!-- com.myntra.test.SampleTest -->
